{"D:\\WALL ARTS\\backend\\config\\database.js": {"path":"D:\\WALL ARTS\\backend\\config\\database.js","statementMap":{"0":{"start":{"line":1,"column":17},"end":{"line":1,"column":30}},"1":{"start":{"line":2,"column":0},"end":{"line":2,"column":27}},"2":{"start":{"line":4,"column":13},"end":{"line":13,"column":2}},"3":{"start":{"line":15,"column":0},"end":{"line":23,"column":5}},"4":{"start":{"line":17,"column":4},"end":{"line":17,"column":64}},"5":{"start":{"line":18,"column":4},"end":{"line":18,"column":68}},"6":{"start":{"line":19,"column":4},"end":{"line":19,"column":21}},"7":{"start":{"line":22,"column":4},"end":{"line":22,"column":65}},"8":{"start":{"line":25,"column":0},"end":{"line":25,"column":22}}},"fnMap":{"0":{"name":"(anonymous_0)","decl":{"start":{"line":16,"column":8},"end":{"line":16,"column":9}},"loc":{"start":{"line":16,"column":18},"end":{"line":20,"column":3}},"line":16},"1":{"name":"(anonymous_1)","decl":{"start":{"line":21,"column":9},"end":{"line":21,"column":10}},"loc":{"start":{"line":21,"column":16},"end":{"line":23,"column":3}},"line":21}},"branchMap":{"0":{"loc":{"start":{"line":9,"column":8},"end":{"line":9,"column":35}},"type":"binary-expr","locations":[{"start":{"line":9,"column":8},"end":{"line":9,"column":27}},{"start":{"line":9,"column":31},"end":{"line":9,"column":35}}],"line":9}},"s":{"0":4,"1":4,"2":4,"3":4,"4":1,"5":1,"6":1,"7":0,"8":4},"f":{"0":1,"1":0},"b":{"0":[4,0]},"_coverageSchema":"1a1c01bbd47fc00a2c39e90264f33305004495a9","hash":"c4984ee8d83c55afd418fb96095283a74c7ec968"}
,"D:\\WALL ARTS\\backend\\config\\upload.js": {"path":"D:\\WALL ARTS\\backend\\config\\upload.js","statementMap":{"0":{"start":{"line":3,"column":15},"end":{"line":3,"column":32}},"1":{"start":{"line":4,"column":13},"end":{"line":4,"column":28}},"2":{"start":{"line":5,"column":11},"end":{"line":5,"column":24}},"3":{"start":{"line":8,"column":19},"end":{"line":8,"column":74}},"4":{"start":{"line":9,"column":0},"end":{"line":11,"column":1}},"5":{"start":{"line":10,"column":2},"end":{"line":10,"column":48}},"6":{"start":{"line":14,"column":16},"end":{"line":25,"column":2}},"7":{"start":{"line":16,"column":4},"end":{"line":16,"column":25}},"8":{"start":{"line":20,"column":25},"end":{"line":20,"column":75}},"9":{"start":{"line":21,"column":16},"end":{"line":21,"column":47}},"10":{"start":{"line":22,"column":27},"end":{"line":22,"column":64}},"11":{"start":{"line":23,"column":4},"end":{"line":23,"column":56}},"12":{"start":{"line":28,"column":19},"end":{"line":38,"column":1}},"13":{"start":{"line":29,"column":23},"end":{"line":29,"column":46}},"14":{"start":{"line":30,"column":18},"end":{"line":30,"column":82}},"15":{"start":{"line":31,"column":19},"end":{"line":31,"column":51}},"16":{"start":{"line":33,"column":2},"end":{"line":37,"column":3}},"17":{"start":{"line":34,"column":4},"end":{"line":34,"column":26}},"18":{"start":{"line":36,"column":4},"end":{"line":36,"column":78}},"19":{"start":{"line":41,"column":15},"end":{"line":47,"column":2}},"20":{"start":{"line":49,"column":0},"end":{"line":49,"column":24}}},"fnMap":{"0":{"name":"(anonymous_0)","decl":{"start":{"line":15,"column":15},"end":{"line":15,"column":16}},"loc":{"start":{"line":15,"column":40},"end":{"line":17,"column":3}},"line":15},"1":{"name":"(anonymous_1)","decl":{"start":{"line":18,"column":12},"end":{"line":18,"column":13}},"loc":{"start":{"line":18,"column":37},"end":{"line":24,"column":3}},"line":18},"2":{"name":"(anonymous_2)","decl":{"start":{"line":28,"column":19},"end":{"line":28,"column":20}},"loc":{"start":{"line":28,"column":38},"end":{"line":38,"column":1}},"line":28}},"branchMap":{"0":{"loc":{"start":{"line":9,"column":0},"end":{"line":11,"column":1}},"type":"if","locations":[{"start":{"line":9,"column":0},"end":{"line":11,"column":1}},{"start":{},"end":{}}],"line":9},"1":{"loc":{"start":{"line":33,"column":2},"end":{"line":37,"column":3}},"type":"if","locations":[{"start":{"line":33,"column":2},"end":{"line":37,"column":3}},{"start":{"line":35,"column":9},"end":{"line":37,"column":3}}],"line":33},"2":{"loc":{"start":{"line":33,"column":6},"end":{"line":33,"column":25}},"type":"binary-expr","locations":[{"start":{"line":33,"column":6},"end":{"line":33,"column":14}},{"start":{"line":33,"column":18},"end":{"line":33,"column":25}}],"line":33}},"s":{"0":1,"1":1,"2":1,"3":1,"4":1,"5":0,"6":1,"7":0,"8":0,"9":0,"10":0,"11":0,"12":1,"13":0,"14":0,"15":0,"16":0,"17":0,"18":0,"19":1,"20":1},"f":{"0":0,"1":0,"2":0},"b":{"0":[0,1],"1":[0,0],"2":[0,0]},"_coverageSchema":"1a1c01bbd47fc00a2c39e90264f33305004495a9","hash":"e60931a5e167c33e7213f2e9537015dac1fc5590"}
,"D:\\WALL ARTS\\backend\\controllers\\artworkController.js": {"path":"D:\\WALL ARTS\\backend\\controllers\\artworkController.js","statementMap":{"0":{"start":{"line":1,"column":16},"end":{"line":1,"column":44}},"1":{"start":{"line":4,"column":0},"end":{"line":30,"column":2}},"2":{"start":{"line":5,"column":2},"end":{"line":29,"column":3}},"3":{"start":{"line":6,"column":21},"end":{"line":6,"column":30}},"4":{"start":{"line":7,"column":21},"end":{"line":7,"column":85}},"5":{"start":{"line":10,"column":29},"end":{"line":15,"column":7}},"6":{"start":{"line":10,"column":54},"end":{"line":15,"column":5}},"7":{"start":{"line":17,"column":4},"end":{"line":21,"column":7}},"8":{"start":{"line":23,"column":4},"end":{"line":23,"column":53}},"9":{"start":{"line":24,"column":4},"end":{"line":28,"column":7}},"10":{"start":{"line":33,"column":0},"end":{"line":61,"column":2}},"11":{"start":{"line":34,"column":2},"end":{"line":60,"column":3}},"12":{"start":{"line":35,"column":20},"end":{"line":35,"column":56}},"13":{"start":{"line":37,"column":4},"end":{"line":42,"column":5}},"14":{"start":{"line":38,"column":6},"end":{"line":41,"column":9}},"15":{"start":{"line":45,"column":4},"end":{"line":47,"column":5}},"16":{"start":{"line":46,"column":6},"end":{"line":46,"column":60}},"17":{"start":{"line":49,"column":4},"end":{"line":52,"column":7}},"18":{"start":{"line":54,"column":4},"end":{"line":54,"column":52}},"19":{"start":{"line":55,"column":4},"end":{"line":59,"column":7}},"20":{"start":{"line":64,"column":0},"end":{"line":89,"column":2}},"21":{"start":{"line":65,"column":2},"end":{"line":88,"column":3}},"22":{"start":{"line":66,"column":21},"end":{"line":66,"column":67}},"23":{"start":{"line":69,"column":29},"end":{"line":74,"column":7}},"24":{"start":{"line":69,"column":54},"end":{"line":74,"column":5}},"25":{"start":{"line":76,"column":4},"end":{"line":80,"column":7}},"26":{"start":{"line":82,"column":4},"end":{"line":82,"column":63}},"27":{"start":{"line":83,"column":4},"end":{"line":87,"column":7}},"28":{"start":{"line":92,"column":0},"end":{"line":126,"column":2}},"29":{"start":{"line":93,"column":2},"end":{"line":125,"column":3}},"30":{"start":{"line":94,"column":18},"end":{"line":94,"column":27}},"31":{"start":{"line":96,"column":4},"end":{"line":101,"column":5}},"32":{"start":{"line":97,"column":6},"end":{"line":100,"column":9}},"33":{"start":{"line":103,"column":21},"end":{"line":103,"column":44}},"34":{"start":{"line":106,"column":29},"end":{"line":111,"column":7}},"35":{"start":{"line":106,"column":54},"end":{"line":111,"column":5}},"36":{"start":{"line":113,"column":4},"end":{"line":117,"column":7}},"37":{"start":{"line":119,"column":4},"end":{"line":119,"column":54}},"38":{"start":{"line":120,"column":4},"end":{"line":124,"column":7}},"39":{"start":{"line":129,"column":0},"end":{"line":180,"column":2}},"40":{"start":{"line":130,"column":2},"end":{"line":179,"column":3}},"41":{"start":{"line":131,"column":4},"end":{"line":131,"column":62}},"42":{"start":{"line":132,"column":4},"end":{"line":132,"column":44}},"43":{"start":{"line":133,"column":4},"end":{"line":133,"column":38}},"44":{"start":{"line":134,"column":4},"end":{"line":134,"column":46}},"45":{"start":{"line":137,"column":4},"end":{"line":142,"column":5}},"46":{"start":{"line":138,"column":6},"end":{"line":141,"column":9}},"47":{"start":{"line":144,"column":100},"end":{"line":144,"column":108}},"48":{"start":{"line":147,"column":4},"end":{"line":152,"column":5}},"49":{"start":{"line":148,"column":6},"end":{"line":151,"column":9}},"50":{"start":{"line":154,"column":22},"end":{"line":163,"column":6}},"51":{"start":{"line":165,"column":4},"end":{"line":165,"column":57}},"52":{"start":{"line":167,"column":4},"end":{"line":171,"column":7}},"53":{"start":{"line":173,"column":4},"end":{"line":173,"column":54}},"54":{"start":{"line":174,"column":4},"end":{"line":178,"column":7}},"55":{"start":{"line":183,"column":0},"end":{"line":242,"column":2}},"56":{"start":{"line":184,"column":2},"end":{"line":241,"column":3}},"57":{"start":{"line":185,"column":4},"end":{"line":185,"column":62}},"58":{"start":{"line":186,"column":4},"end":{"line":186,"column":44}},"59":{"start":{"line":187,"column":4},"end":{"line":187,"column":38}},"60":{"start":{"line":188,"column":4},"end":{"line":188,"column":49}},"61":{"start":{"line":189,"column":4},"end":{"line":189,"column":46}},"62":{"start":{"line":192,"column":4},"end":{"line":197,"column":5}},"63":{"start":{"line":193,"column":6},"end":{"line":196,"column":9}},"64":{"start":{"line":199,"column":100},"end":{"line":199,"column":108}},"65":{"start":{"line":202,"column":4},"end":{"line":207,"column":5}},"66":{"start":{"line":203,"column":6},"end":{"line":206,"column":9}},"67":{"start":{"line":209,"column":27},"end":{"line":218,"column":6}},"68":{"start":{"line":220,"column":4},"end":{"line":225,"column":5}},"69":{"start":{"line":221,"column":6},"end":{"line":224,"column":9}},"70":{"start":{"line":227,"column":4},"end":{"line":227,"column":50}},"71":{"start":{"line":229,"column":4},"end":{"line":233,"column":7}},"72":{"start":{"line":235,"column":4},"end":{"line":235,"column":54}},"73":{"start":{"line":236,"column":4},"end":{"line":240,"column":7}},"74":{"start":{"line":245,"column":0},"end":{"line":292,"column":2}},"75":{"start":{"line":246,"column":2},"end":{"line":291,"column":3}},"76":{"start":{"line":247,"column":4},"end":{"line":247,"column":62}},"77":{"start":{"line":248,"column":4},"end":{"line":248,"column":45}},"78":{"start":{"line":249,"column":4},"end":{"line":249,"column":38}},"79":{"start":{"line":250,"column":4},"end":{"line":250,"column":49}},"80":{"start":{"line":253,"column":4},"end":{"line":258,"column":5}},"81":{"start":{"line":254,"column":6},"end":{"line":257,"column":9}},"82":{"start":{"line":260,"column":27},"end":{"line":260,"column":62}},"83":{"start":{"line":262,"column":4},"end":{"line":267,"column":5}},"84":{"start":{"line":263,"column":6},"end":{"line":266,"column":9}},"85":{"start":{"line":269,"column":4},"end":{"line":269,"column":50}},"86":{"start":{"line":271,"column":4},"end":{"line":275,"column":7}},"87":{"start":{"line":277,"column":4},"end":{"line":277,"column":54}},"88":{"start":{"line":279,"column":4},"end":{"line":284,"column":5}},"89":{"start":{"line":280,"column":6},"end":{"line":283,"column":9}},"90":{"start":{"line":286,"column":4},"end":{"line":290,"column":7}},"91":{"start":{"line":295,"column":0},"end":{"line":339,"column":2}},"92":{"start":{"line":296,"column":2},"end":{"line":338,"column":3}},"93":{"start":{"line":297,"column":4},"end":{"line":297,"column":62}},"94":{"start":{"line":298,"column":4},"end":{"line":298,"column":42}},"95":{"start":{"line":299,"column":4},"end":{"line":299,"column":38}},"96":{"start":{"line":300,"column":4},"end":{"line":300,"column":38}},"97":{"start":{"line":303,"column":4},"end":{"line":308,"column":5}},"98":{"start":{"line":304,"column":6},"end":{"line":307,"column":9}},"99":{"start":{"line":311,"column":4},"end":{"line":316,"column":5}},"100":{"start":{"line":312,"column":6},"end":{"line":315,"column":9}},"101":{"start":{"line":319,"column":21},"end":{"line":319,"column":38}},"102":{"start":{"line":321,"column":4},"end":{"line":321,"column":47}},"103":{"start":{"line":323,"column":4},"end":{"line":330,"column":7}},"104":{"start":{"line":332,"column":4},"end":{"line":332,"column":53}},"105":{"start":{"line":333,"column":4},"end":{"line":337,"column":7}}},"fnMap":{"0":{"name":"(anonymous_0)","decl":{"start":{"line":4,"column":25},"end":{"line":4,"column":26}},"loc":{"start":{"line":4,"column":45},"end":{"line":30,"column":1}},"line":4},"1":{"name":"(anonymous_1)","decl":{"start":{"line":10,"column":42},"end":{"line":10,"column":43}},"loc":{"start":{"line":10,"column":54},"end":{"line":15,"column":5}},"line":10},"2":{"name":"(anonymous_2)","decl":{"start":{"line":33,"column":25},"end":{"line":33,"column":26}},"loc":{"start":{"line":33,"column":45},"end":{"line":61,"column":1}},"line":33},"3":{"name":"(anonymous_3)","decl":{"start":{"line":64,"column":30},"end":{"line":64,"column":31}},"loc":{"start":{"line":64,"column":50},"end":{"line":89,"column":1}},"line":64},"4":{"name":"(anonymous_4)","decl":{"start":{"line":69,"column":42},"end":{"line":69,"column":43}},"loc":{"start":{"line":69,"column":54},"end":{"line":74,"column":5}},"line":69},"5":{"name":"(anonymous_5)","decl":{"start":{"line":92,"column":25},"end":{"line":92,"column":26}},"loc":{"start":{"line":92,"column":45},"end":{"line":126,"column":1}},"line":92},"6":{"name":"(anonymous_6)","decl":{"start":{"line":106,"column":42},"end":{"line":106,"column":43}},"loc":{"start":{"line":106,"column":54},"end":{"line":111,"column":5}},"line":106},"7":{"name":"(anonymous_7)","decl":{"start":{"line":129,"column":24},"end":{"line":129,"column":25}},"loc":{"start":{"line":129,"column":44},"end":{"line":180,"column":1}},"line":129},"8":{"name":"(anonymous_8)","decl":{"start":{"line":183,"column":24},"end":{"line":183,"column":25}},"loc":{"start":{"line":183,"column":44},"end":{"line":242,"column":1}},"line":183},"9":{"name":"(anonymous_9)","decl":{"start":{"line":245,"column":24},"end":{"line":245,"column":25}},"loc":{"start":{"line":245,"column":44},"end":{"line":292,"column":1}},"line":245},"10":{"name":"(anonymous_10)","decl":{"start":{"line":295,"column":22},"end":{"line":295,"column":23}},"loc":{"start":{"line":295,"column":42},"end":{"line":339,"column":1}},"line":295}},"branchMap":{"0":{"loc":{"start":{"line":7,"column":21},"end":{"line":7,"column":85}},"type":"cond-expr","locations":[{"start":{"line":7,"column":28},"end":{"line":7,"column":60}},{"start":{"line":7,"column":63},"end":{"line":7,"column":85}}],"line":7},"1":{"loc":{"start":{"line":12,"column":17},"end":{"line":14,"column":27}},"type":"cond-expr","locations":[{"start":{"line":13,"column":10},"end":{"line":13,"column":43}},{"start":{"line":14,"column":10},"end":{"line":14,"column":27}}],"line":12},"2":{"loc":{"start":{"line":12,"column":17},"end":{"line":12,"column":72}},"type":"binary-expr","locations":[{"start":{"line":12,"column":17},"end":{"line":12,"column":34}},{"start":{"line":12,"column":38},"end":{"line":12,"column":72}}],"line":12},"3":{"loc":{"start":{"line":37,"column":4},"end":{"line":42,"column":5}},"type":"if","locations":[{"start":{"line":37,"column":4},"end":{"line":42,"column":5}},{"start":{},"end":{}}],"line":37},"4":{"loc":{"start":{"line":45,"column":4},"end":{"line":47,"column":5}},"type":"if","locations":[{"start":{"line":45,"column":4},"end":{"line":47,"column":5}},{"start":{},"end":{}}],"line":45},"5":{"loc":{"start":{"line":45,"column":8},"end":{"line":45,"column":63}},"type":"binary-expr","locations":[{"start":{"line":45,"column":8},"end":{"line":45,"column":25}},{"start":{"line":45,"column":29},"end":{"line":45,"column":63}}],"line":45},"6":{"loc":{"start":{"line":71,"column":17},"end":{"line":73,"column":27}},"type":"cond-expr","locations":[{"start":{"line":72,"column":10},"end":{"line":72,"column":43}},{"start":{"line":73,"column":10},"end":{"line":73,"column":27}}],"line":71},"7":{"loc":{"start":{"line":71,"column":17},"end":{"line":71,"column":72}},"type":"binary-expr","locations":[{"start":{"line":71,"column":17},"end":{"line":71,"column":34}},{"start":{"line":71,"column":38},"end":{"line":71,"column":72}}],"line":71},"8":{"loc":{"start":{"line":96,"column":4},"end":{"line":101,"column":5}},"type":"if","locations":[{"start":{"line":96,"column":4},"end":{"line":101,"column":5}},{"start":{},"end":{}}],"line":96},"9":{"loc":{"start":{"line":108,"column":17},"end":{"line":110,"column":27}},"type":"cond-expr","locations":[{"start":{"line":109,"column":10},"end":{"line":109,"column":43}},{"start":{"line":110,"column":10},"end":{"line":110,"column":27}}],"line":108},"10":{"loc":{"start":{"line":108,"column":17},"end":{"line":108,"column":72}},"type":"binary-expr","locations":[{"start":{"line":108,"column":17},"end":{"line":108,"column":34}},{"start":{"line":108,"column":38},"end":{"line":108,"column":72}}],"line":108},"11":{"loc":{"start":{"line":137,"column":4},"end":{"line":142,"column":5}},"type":"if","locations":[{"start":{"line":137,"column":4},"end":{"line":142,"column":5}},{"start":{},"end":{}}],"line":137},"12":{"loc":{"start":{"line":147,"column":4},"end":{"line":152,"column":5}},"type":"if","locations":[{"start":{"line":147,"column":4},"end":{"line":152,"column":5}},{"start":{},"end":{}}],"line":147},"13":{"loc":{"start":{"line":147,"column":8},"end":{"line":147,"column":81}},"type":"binary-expr","locations":[{"start":{"line":147,"column":8},"end":{"line":147,"column":14}},{"start":{"line":147,"column":18},"end":{"line":147,"column":30}},{"start":{"line":147,"column":34},"end":{"line":147,"column":43}},{"start":{"line":147,"column":47},"end":{"line":147,"column":53}},{"start":{"line":147,"column":57},"end":{"line":147,"column":67}},{"start":{"line":147,"column":71},"end":{"line":147,"column":81}}],"line":147},"14":{"loc":{"start":{"line":161,"column":21},"end":{"line":161,"column":43}},"type":"binary-expr","locations":[{"start":{"line":161,"column":21},"end":{"line":161,"column":34}},{"start":{"line":161,"column":38},"end":{"line":161,"column":43}}],"line":161},"15":{"loc":{"start":{"line":162,"column":17},"end":{"line":162,"column":34}},"type":"binary-expr","locations":[{"start":{"line":162,"column":17},"end":{"line":162,"column":26}},{"start":{"line":162,"column":30},"end":{"line":162,"column":34}}],"line":162},"16":{"loc":{"start":{"line":192,"column":4},"end":{"line":197,"column":5}},"type":"if","locations":[{"start":{"line":192,"column":4},"end":{"line":197,"column":5}},{"start":{},"end":{}}],"line":192},"17":{"loc":{"start":{"line":202,"column":4},"end":{"line":207,"column":5}},"type":"if","locations":[{"start":{"line":202,"column":4},"end":{"line":207,"column":5}},{"start":{},"end":{}}],"line":202},"18":{"loc":{"start":{"line":202,"column":8},"end":{"line":202,"column":81}},"type":"binary-expr","locations":[{"start":{"line":202,"column":8},"end":{"line":202,"column":14}},{"start":{"line":202,"column":18},"end":{"line":202,"column":30}},{"start":{"line":202,"column":34},"end":{"line":202,"column":43}},{"start":{"line":202,"column":47},"end":{"line":202,"column":53}},{"start":{"line":202,"column":57},"end":{"line":202,"column":67}},{"start":{"line":202,"column":71},"end":{"line":202,"column":81}}],"line":202},"19":{"loc":{"start":{"line":216,"column":21},"end":{"line":216,"column":43}},"type":"binary-expr","locations":[{"start":{"line":216,"column":21},"end":{"line":216,"column":34}},{"start":{"line":216,"column":38},"end":{"line":216,"column":43}}],"line":216},"20":{"loc":{"start":{"line":217,"column":17},"end":{"line":217,"column":34}},"type":"binary-expr","locations":[{"start":{"line":217,"column":17},"end":{"line":217,"column":26}},{"start":{"line":217,"column":30},"end":{"line":217,"column":34}}],"line":217},"21":{"loc":{"start":{"line":220,"column":4},"end":{"line":225,"column":5}},"type":"if","locations":[{"start":{"line":220,"column":4},"end":{"line":225,"column":5}},{"start":{},"end":{}}],"line":220},"22":{"loc":{"start":{"line":253,"column":4},"end":{"line":258,"column":5}},"type":"if","locations":[{"start":{"line":253,"column":4},"end":{"line":258,"column":5}},{"start":{},"end":{}}],"line":253},"23":{"loc":{"start":{"line":262,"column":4},"end":{"line":267,"column":5}},"type":"if","locations":[{"start":{"line":262,"column":4},"end":{"line":267,"column":5}},{"start":{},"end":{}}],"line":262},"24":{"loc":{"start":{"line":279,"column":4},"end":{"line":284,"column":5}},"type":"if","locations":[{"start":{"line":279,"column":4},"end":{"line":284,"column":5}},{"start":{},"end":{}}],"line":279},"25":{"loc":{"start":{"line":303,"column":4},"end":{"line":308,"column":5}},"type":"if","locations":[{"start":{"line":303,"column":4},"end":{"line":308,"column":5}},{"start":{},"end":{}}],"line":303},"26":{"loc":{"start":{"line":311,"column":4},"end":{"line":316,"column":5}},"type":"if","locations":[{"start":{"line":311,"column":4},"end":{"line":316,"column":5}},{"start":{},"end":{}}],"line":311}},"s":{"0":2,"1":2,"2":4,"3":4,"4":4,"5":3,"6":6,"7":3,"8":1,"9":1,"10":2,"11":4,"12":4,"13":4,"14":2,"15":2,"16":2,"17":2,"18":0,"19":0,"20":2,"21":1,"22":1,"23":1,"24":2,"25":1,"26":0,"27":0,"28":2,"29":4,"30":4,"31":4,"32":2,"33":2,"34":2,"35":2,"36":2,"37":0,"38":0,"39":2,"40":6,"41":6,"42":6,"43":6,"44":6,"45":6,"46":2,"47":4,"48":4,"49":2,"50":2,"51":2,"52":2,"53":0,"54":0,"55":2,"56":4,"57":4,"58":4,"59":4,"60":4,"61":4,"62":4,"63":0,"64":4,"65":4,"66":0,"67":4,"68":4,"69":2,"70":2,"71":2,"72":0,"73":0,"74":2,"75":5,"76":5,"77":5,"78":5,"79":5,"80":5,"81":2,"82":3,"83":3,"84":1,"85":2,"86":2,"87":0,"88":0,"89":0,"90":0,"91":2,"92":3,"93":3,"94":3,"95":3,"96":3,"97":3,"98":1,"99":2,"100":1,"101":1,"102":1,"103":1,"104":0,"105":0},"f":{"0":4,"1":6,"2":4,"3":1,"4":2,"5":4,"6":2,"7":6,"8":4,"9":5,"10":3},"b":{"0":[1,3],"1":[4,2],"2":[6,4],"3":[2,2],"4":[2,0],"5":[2,2],"6":[2,0],"7":[2,2],"8":[2,2],"9":[2,0],"10":[2,2],"11":[2,4],"12":[2,2],"13":[4,4,2,2,2,2],"14":[2,2],"15":[2,0],"16":[0,4],"17":[0,4],"18":[4,4,4,4,4,4],"19":[4,2],"20":[4,2],"21":[2,2],"22":[2,3],"23":[1,2],"24":[0,0],"25":[1,2],"26":[1,1]},"_coverageSchema":"1a1c01bbd47fc00a2c39e90264f33305004495a9","hash":"eabb0dd2044814728d1be04129ae774eb0dc29d8"}
,"D:\\WALL ARTS\\backend\\middleware\\auth.js": {"path":"D:\\WALL ARTS\\backend\\middleware\\auth.js","statementMap":{"0":{"start":{"line":3,"column":12},"end":{"line":3,"column":35}},"1":{"start":{"line":5,"column":26},"end":{"line":60,"column":1}},"2":{"start":{"line":6,"column":2},"end":{"line":6,"column":60}},"3":{"start":{"line":7,"column":2},"end":{"line":7,"column":46}},"4":{"start":{"line":8,"column":2},"end":{"line":8,"column":56}},"5":{"start":{"line":11,"column":16},"end":{"line":11,"column":42}},"6":{"start":{"line":13,"column":2},"end":{"line":13,"column":90}},"7":{"start":{"line":16,"column":2},"end":{"line":22,"column":3}},"8":{"start":{"line":17,"column":4},"end":{"line":17,"column":39}},"9":{"start":{"line":18,"column":4},"end":{"line":21,"column":7}},"10":{"start":{"line":24,"column":2},"end":{"line":59,"column":3}},"11":{"start":{"line":26,"column":20},"end":{"line":26,"column":118}},"12":{"start":{"line":28,"column":4},"end":{"line":28,"column":49}},"13":{"start":{"line":29,"column":4},"end":{"line":33,"column":7}},"14":{"start":{"line":36,"column":4},"end":{"line":40,"column":6}},"15":{"start":{"line":42,"column":4},"end":{"line":42,"column":57}},"16":{"start":{"line":44,"column":4},"end":{"line":44,"column":11}},"17":{"start":{"line":46,"column":4},"end":{"line":46,"column":65}},"18":{"start":{"line":48,"column":4},"end":{"line":53,"column":5}},"19":{"start":{"line":49,"column":6},"end":{"line":52,"column":9}},"20":{"start":{"line":55,"column":4},"end":{"line":58,"column":7}},"21":{"start":{"line":62,"column":0},"end":{"line":62,"column":39}}},"fnMap":{"0":{"name":"(anonymous_0)","decl":{"start":{"line":5,"column":26},"end":{"line":5,"column":27}},"loc":{"start":{"line":5,"column":46},"end":{"line":60,"column":1}},"line":5}},"branchMap":{"0":{"loc":{"start":{"line":13,"column":37},"end":{"line":13,"column":88}},"type":"cond-expr","locations":[{"start":{"line":13,"column":45},"end":{"line":13,"column":75}},{"start":{"line":13,"column":78},"end":{"line":13,"column":88}}],"line":13},"1":{"loc":{"start":{"line":16,"column":2},"end":{"line":22,"column":3}},"type":"if","locations":[{"start":{"line":16,"column":2},"end":{"line":22,"column":3}},{"start":{},"end":{}}],"line":16},"2":{"loc":{"start":{"line":26,"column":38},"end":{"line":26,"column":117}},"type":"binary-expr","locations":[{"start":{"line":26,"column":38},"end":{"line":26,"column":60}},{"start":{"line":26,"column":64},"end":{"line":26,"column":117}}],"line":26},"3":{"loc":{"start":{"line":48,"column":4},"end":{"line":53,"column":5}},"type":"if","locations":[{"start":{"line":48,"column":4},"end":{"line":53,"column":5}},{"start":{},"end":{}}],"line":48}},"s":{"0":2,"1":2,"2":12,"3":12,"4":12,"5":12,"6":12,"7":12,"8":1,"9":1,"10":11,"11":11,"12":9,"13":9,"14":9,"15":9,"16":9,"17":2,"18":2,"19":1,"20":1,"21":2},"f":{"0":12},"b":{"0":[11,1],"1":[1,11],"2":[11,0],"3":[1,1]},"_coverageSchema":"1a1c01bbd47fc00a2c39e90264f33305004495a9","hash":"e8cacc823624a7e9f0d303f452e35fc1d7176c88"}
,"D:\\WALL ARTS\\backend\\models\\Artwork.js": {"path":"D:\\WALL ARTS\\backend\\models\\Artwork.js","statementMap":{"0":{"start":{"line":1,"column":11},"end":{"line":1,"column":40}},"1":{"start":{"line":5,"column":4},"end":{"line":18,"column":5}},"2":{"start":{"line":6,"column":6},"end":{"line":6,"column":49}},"3":{"start":{"line":7,"column":21},"end":{"line":12,"column":8}},"4":{"start":{"line":13,"column":6},"end":{"line":13,"column":73}},"5":{"start":{"line":14,"column":6},"end":{"line":14,"column":25}},"6":{"start":{"line":16,"column":6},"end":{"line":16,"column":65}},"7":{"start":{"line":17,"column":6},"end":{"line":17,"column":18}},"8":{"start":{"line":22,"column":4},"end":{"line":46,"column":5}},"9":{"start":{"line":23,"column":6},"end":{"line":23,"column":54}},"10":{"start":{"line":24,"column":21},"end":{"line":30,"column":14}},"11":{"start":{"line":32,"column":6},"end":{"line":35,"column":7}},"12":{"start":{"line":33,"column":8},"end":{"line":33,"column":56}},"13":{"start":{"line":34,"column":8},"end":{"line":34,"column":20}},"14":{"start":{"line":37,"column":6},"end":{"line":37,"column":60}},"15":{"start":{"line":39,"column":6},"end":{"line":39,"column":90}},"16":{"start":{"line":40,"column":6},"end":{"line":40,"column":65}},"17":{"start":{"line":42,"column":6},"end":{"line":42,"column":28}},"18":{"start":{"line":44,"column":6},"end":{"line":44,"column":66}},"19":{"start":{"line":45,"column":6},"end":{"line":45,"column":18}},"20":{"start":{"line":50,"column":4},"end":{"line":62,"column":5}},"21":{"start":{"line":51,"column":6},"end":{"line":51,"column":67}},"22":{"start":{"line":52,"column":21},"end":{"line":56,"column":20}},"23":{"start":{"line":57,"column":6},"end":{"line":57,"column":83}},"24":{"start":{"line":58,"column":6},"end":{"line":58,"column":25}},"25":{"start":{"line":60,"column":6},"end":{"line":60,"column":70}},"26":{"start":{"line":61,"column":6},"end":{"line":61,"column":18}},"27":{"start":{"line":66,"column":4},"end":{"line":97,"column":5}},"28":{"start":{"line":67,"column":6},"end":{"line":67,"column":61}},"29":{"start":{"line":68,"column":18},"end":{"line":72,"column":7}},"30":{"start":{"line":74,"column":6},"end":{"line":89,"column":7}},"31":{"start":{"line":76,"column":10},"end":{"line":76,"column":43}},"32":{"start":{"line":77,"column":10},"end":{"line":77,"column":16}},"33":{"start":{"line":79,"column":10},"end":{"line":79,"column":44}},"34":{"start":{"line":80,"column":10},"end":{"line":80,"column":16}},"35":{"start":{"line":82,"column":10},"end":{"line":82,"column":66}},"36":{"start":{"line":83,"column":10},"end":{"line":83,"column":16}},"37":{"start":{"line":85,"column":10},"end":{"line":85,"column":49}},"38":{"start":{"line":86,"column":10},"end":{"line":86,"column":16}},"39":{"start":{"line":88,"column":10},"end":{"line":88,"column":49}},"40":{"start":{"line":91,"column":21},"end":{"line":91,"column":42}},"41":{"start":{"line":92,"column":6},"end":{"line":92,"column":80}},"42":{"start":{"line":93,"column":6},"end":{"line":93,"column":25}},"43":{"start":{"line":95,"column":6},"end":{"line":95,"column":71}},"44":{"start":{"line":96,"column":6},"end":{"line":96,"column":18}},"45":{"start":{"line":101,"column":4},"end":{"line":115,"column":5}},"46":{"start":{"line":102,"column":6},"end":{"line":102,"column":66}},"47":{"start":{"line":103,"column":21},"end":{"line":109,"column":29}},"48":{"start":{"line":110,"column":6},"end":{"line":110,"column":69}},"49":{"start":{"line":111,"column":6},"end":{"line":111,"column":25}},"50":{"start":{"line":113,"column":6},"end":{"line":113,"column":65}},"51":{"start":{"line":114,"column":6},"end":{"line":114,"column":18}},"52":{"start":{"line":120,"column":4},"end":{"line":143,"column":5}},"53":{"start":{"line":121,"column":6},"end":{"line":121,"column":58}},"54":{"start":{"line":122,"column":21},"end":{"line":137,"column":7}},"55":{"start":{"line":138,"column":6},"end":{"line":138,"column":75}},"56":{"start":{"line":139,"column":6},"end":{"line":139,"column":39}},"57":{"start":{"line":141,"column":6},"end":{"line":141,"column":65}},"58":{"start":{"line":142,"column":6},"end":{"line":142,"column":18}},"59":{"start":{"line":148,"column":4},"end":{"line":179,"column":5}},"60":{"start":{"line":149,"column":6},"end":{"line":149,"column":49}},"61":{"start":{"line":150,"column":21},"end":{"line":167,"column":7}},"62":{"start":{"line":169,"column":6},"end":{"line":172,"column":7}},"63":{"start":{"line":170,"column":8},"end":{"line":170,"column":66}},"64":{"start":{"line":171,"column":8},"end":{"line":171,"column":20}},"65":{"start":{"line":174,"column":6},"end":{"line":174,"column":62}},"66":{"start":{"line":175,"column":6},"end":{"line":175,"column":28}},"67":{"start":{"line":177,"column":6},"end":{"line":177,"column":65}},"68":{"start":{"line":178,"column":6},"end":{"line":178,"column":18}},"69":{"start":{"line":184,"column":4},"end":{"line":204,"column":5}},"70":{"start":{"line":185,"column":6},"end":{"line":185,"column":50}},"71":{"start":{"line":189,"column":21},"end":{"line":192,"column":7}},"72":{"start":{"line":194,"column":6},"end":{"line":197,"column":7}},"73":{"start":{"line":195,"column":8},"end":{"line":195,"column":66}},"74":{"start":{"line":196,"column":8},"end":{"line":196,"column":20}},"75":{"start":{"line":199,"column":6},"end":{"line":199,"column":44}},"76":{"start":{"line":200,"column":6},"end":{"line":200,"column":28}},"77":{"start":{"line":202,"column":6},"end":{"line":202,"column":65}},"78":{"start":{"line":203,"column":6},"end":{"line":203,"column":18}},"79":{"start":{"line":208,"column":0},"end":{"line":208,"column":25}}},"fnMap":{"0":{"name":"(anonymous_0)","decl":{"start":{"line":4,"column":2},"end":{"line":4,"column":3}},"loc":{"start":{"line":4,"column":24},"end":{"line":19,"column":3}},"line":4},"1":{"name":"(anonymous_1)","decl":{"start":{"line":21,"column":2},"end":{"line":21,"column":3}},"loc":{"start":{"line":21,"column":27},"end":{"line":47,"column":3}},"line":21},"2":{"name":"(anonymous_2)","decl":{"start":{"line":49,"column":2},"end":{"line":49,"column":3}},"loc":{"start":{"line":49,"column":37},"end":{"line":63,"column":3}},"line":49},"3":{"name":"(anonymous_3)","decl":{"start":{"line":65,"column":2},"end":{"line":65,"column":3}},"loc":{"start":{"line":65,"column":36},"end":{"line":98,"column":3}},"line":65},"4":{"name":"(anonymous_4)","decl":{"start":{"line":100,"column":2},"end":{"line":100,"column":3}},"loc":{"start":{"line":100,"column":34},"end":{"line":116,"column":3}},"line":100},"5":{"name":"(anonymous_5)","decl":{"start":{"line":119,"column":2},"end":{"line":119,"column":3}},"loc":{"start":{"line":119,"column":28},"end":{"line":144,"column":3}},"line":119},"6":{"name":"(anonymous_6)","decl":{"start":{"line":147,"column":2},"end":{"line":147,"column":3}},"loc":{"start":{"line":147,"column":32},"end":{"line":180,"column":3}},"line":147},"7":{"name":"(anonymous_7)","decl":{"start":{"line":183,"column":2},"end":{"line":183,"column":3}},"loc":{"start":{"line":183,"column":26},"end":{"line":205,"column":3}},"line":183}},"branchMap":{"0":{"loc":{"start":{"line":32,"column":6},"end":{"line":35,"column":7}},"type":"if","locations":[{"start":{"line":32,"column":6},"end":{"line":35,"column":7}},{"start":{},"end":{}}],"line":32},"1":{"loc":{"start":{"line":74,"column":6},"end":{"line":89,"column":7}},"type":"switch","locations":[{"start":{"line":75,"column":8},"end":{"line":77,"column":16}},{"start":{"line":78,"column":8},"end":{"line":80,"column":16}},{"start":{"line":81,"column":8},"end":{"line":83,"column":16}},{"start":{"line":84,"column":8},"end":{"line":86,"column":16}},{"start":{"line":87,"column":8},"end":{"line":88,"column":49}}],"line":74},"2":{"loc":{"start":{"line":134,"column":10},"end":{"line":134,"column":37}},"type":"binary-expr","locations":[{"start":{"line":134,"column":10},"end":{"line":134,"column":28}},{"start":{"line":134,"column":32},"end":{"line":134,"column":37}}],"line":134},"3":{"loc":{"start":{"line":135,"column":10},"end":{"line":135,"column":32}},"type":"binary-expr","locations":[{"start":{"line":135,"column":10},"end":{"line":135,"column":24}},{"start":{"line":135,"column":28},"end":{"line":135,"column":32}}],"line":135},"4":{"loc":{"start":{"line":163,"column":10},"end":{"line":163,"column":37}},"type":"binary-expr","locations":[{"start":{"line":163,"column":10},"end":{"line":163,"column":28}},{"start":{"line":163,"column":32},"end":{"line":163,"column":37}}],"line":163},"5":{"loc":{"start":{"line":164,"column":10},"end":{"line":164,"column":32}},"type":"binary-expr","locations":[{"start":{"line":164,"column":10},"end":{"line":164,"column":24}},{"start":{"line":164,"column":28},"end":{"line":164,"column":32}}],"line":164},"6":{"loc":{"start":{"line":169,"column":6},"end":{"line":172,"column":7}},"type":"if","locations":[{"start":{"line":169,"column":6},"end":{"line":172,"column":7}},{"start":{},"end":{}}],"line":169},"7":{"loc":{"start":{"line":194,"column":6},"end":{"line":197,"column":7}},"type":"if","locations":[{"start":{"line":194,"column":6},"end":{"line":197,"column":7}},{"start":{},"end":{}}],"line":194}},"s":{"0":3,"1":2,"2":2,"3":2,"4":2,"5":2,"6":0,"7":0,"8":2,"9":2,"10":2,"11":2,"12":1,"13":1,"14":1,"15":1,"16":1,"17":1,"18":0,"19":0,"20":0,"21":0,"22":0,"23":0,"24":0,"25":0,"26":0,"27":2,"28":2,"29":2,"30":2,"31":1,"32":1,"33":0,"34":0,"35":1,"36":1,"37":0,"38":0,"39":0,"40":2,"41":2,"42":2,"43":0,"44":0,"45":1,"46":1,"47":1,"48":1,"49":1,"50":0,"51":0,"52":2,"53":2,"54":2,"55":2,"56":2,"57":0,"58":0,"59":2,"60":2,"61":2,"62":2,"63":1,"64":1,"65":1,"66":1,"67":0,"68":0,"69":2,"70":2,"71":2,"72":2,"73":1,"74":1,"75":1,"76":1,"77":0,"78":0,"79":3},"f":{"0":2,"1":2,"2":0,"3":2,"4":1,"5":2,"6":2,"7":2},"b":{"0":[1,1],"1":[1,0,1,0,0],"2":[2,2],"3":[2,1],"4":[2,1],"5":[2,1],"6":[1,1],"7":[1,1]},"_coverageSchema":"1a1c01bbd47fc00a2c39e90264f33305004495a9","hash":"cebcdad41f888a2349f50005b812eb9440021185"}
,"D:\\WALL ARTS\\backend\\models\\User.js": {"path":"D:\\WALL ARTS\\backend\\models\\User.js","statementMap":{"0":{"start":{"line":1,"column":11},"end":{"line":1,"column":40}},"1":{"start":{"line":2,"column":15},"end":{"line":2,"column":34}},"2":{"start":{"line":6,"column":4},"end":{"line":28,"column":5}},"3":{"start":{"line":7,"column":29},"end":{"line":7,"column":65}},"4":{"start":{"line":10,"column":21},"end":{"line":22,"column":7}},"5":{"start":{"line":24,"column":6},"end":{"line":24,"column":28}},"6":{"start":{"line":26,"column":6},"end":{"line":26,"column":52}},"7":{"start":{"line":27,"column":6},"end":{"line":27,"column":18}},"8":{"start":{"line":32,"column":4},"end":{"line":41,"column":5}},"9":{"start":{"line":33,"column":21},"end":{"line":36,"column":7}},"10":{"start":{"line":37,"column":6},"end":{"line":37,"column":28}},"11":{"start":{"line":39,"column":6},"end":{"line":39,"column":57}},"12":{"start":{"line":40,"column":6},"end":{"line":40,"column":18}},"13":{"start":{"line":45,"column":4},"end":{"line":54,"column":5}},"14":{"start":{"line":46,"column":21},"end":{"line":49,"column":7}},"15":{"start":{"line":50,"column":6},"end":{"line":50,"column":28}},"16":{"start":{"line":52,"column":6},"end":{"line":52,"column":54}},"17":{"start":{"line":53,"column":6},"end":{"line":53,"column":18}},"18":{"start":{"line":58,"column":4},"end":{"line":63,"column":5}},"19":{"start":{"line":59,"column":6},"end":{"line":59,"column":65}},"20":{"start":{"line":61,"column":6},"end":{"line":61,"column":60}},"21":{"start":{"line":62,"column":6},"end":{"line":62,"column":18}},"22":{"start":{"line":67,"column":0},"end":{"line":67,"column":22}}},"fnMap":{"0":{"name":"(anonymous_0)","decl":{"start":{"line":5,"column":2},"end":{"line":5,"column":3}},"loc":{"start":{"line":5,"column":28},"end":{"line":29,"column":3}},"line":5},"1":{"name":"(anonymous_1)","decl":{"start":{"line":31,"column":2},"end":{"line":31,"column":3}},"loc":{"start":{"line":31,"column":34},"end":{"line":42,"column":3}},"line":31},"2":{"name":"(anonymous_2)","decl":{"start":{"line":44,"column":2},"end":{"line":44,"column":3}},"loc":{"start":{"line":44,"column":28},"end":{"line":55,"column":3}},"line":44},"3":{"name":"(anonymous_3)","decl":{"start":{"line":57,"column":2},"end":{"line":57,"column":3}},"loc":{"start":{"line":57,"column":61},"end":{"line":64,"column":3}},"line":57}},"branchMap":{"0":{"loc":{"start":{"line":18,"column":10},"end":{"line":18,"column":32}},"type":"binary-expr","locations":[{"start":{"line":18,"column":10},"end":{"line":18,"column":24}},{"start":{"line":18,"column":28},"end":{"line":18,"column":32}}],"line":18},"1":{"loc":{"start":{"line":19,"column":10},"end":{"line":19,"column":28}},"type":"binary-expr","locations":[{"start":{"line":19,"column":10},"end":{"line":19,"column":20}},{"start":{"line":19,"column":24},"end":{"line":19,"column":28}}],"line":19}},"s":{"0":1,"1":1,"2":0,"3":0,"4":0,"5":0,"6":0,"7":0,"8":0,"9":0,"10":0,"11":0,"12":0,"13":0,"14":0,"15":0,"16":0,"17":0,"18":0,"19":0,"20":0,"21":0,"22":1},"f":{"0":0,"1":0,"2":0,"3":0},"b":{"0":[0,0],"1":[0,0]},"_coverageSchema":"1a1c01bbd47fc00a2c39e90264f33305004495a9","hash":"b3407f957115c05e71b41a41bc6772c77aa401d7"}
,"D:\\WALL ARTS\\backend\\routes\\artworkRoutes.js": {"path":"D:\\WALL ARTS\\backend\\routes\\artworkRoutes.js","statementMap":{"0":{"start":{"line":1,"column":16},"end":{"line":1,"column":34}},"1":{"start":{"line":2,"column":15},"end":{"line":2,"column":31}},"2":{"start":{"line":3,"column":26},"end":{"line":3,"column":69}},"3":{"start":{"line":4,"column":30},"end":{"line":4,"column":59}},"4":{"start":{"line":5,"column":15},"end":{"line":5,"column":42}},"5":{"start":{"line":8,"column":0},"end":{"line":8,"column":56}},"6":{"start":{"line":9,"column":0},"end":{"line":9,"column":71}},"7":{"start":{"line":10,"column":0},"end":{"line":10,"column":50}},"8":{"start":{"line":11,"column":0},"end":{"line":11,"column":53}},"9":{"start":{"line":14,"column":0},"end":{"line":14,"column":103}},"10":{"start":{"line":17,"column":0},"end":{"line":17,"column":69}},"11":{"start":{"line":18,"column":0},"end":{"line":18,"column":73}},"12":{"start":{"line":19,"column":0},"end":{"line":19,"column":74}},"13":{"start":{"line":21,"column":0},"end":{"line":21,"column":24}}},"fnMap":{},"branchMap":{},"s":{"0":1,"1":1,"2":1,"3":1,"4":1,"5":1,"6":1,"7":1,"8":1,"9":1,"10":1,"11":1,"12":1,"13":1},"f":{},"b":{},"_coverageSchema":"1a1c01bbd47fc00a2c39e90264f33305004495a9","hash":"1b18f482556e6fb2de193b502e317ec4ef35f284"}
}
