TN:
SF:config\database.js
FN:16,(anonymous_0)
FN:21,(anonymous_1)
FNF:2
FNH:1
FNDA:1,(anonymous_0)
FNDA:0,(anonymous_1)
DA:1,4
DA:2,4
DA:4,4
DA:15,4
DA:17,1
DA:18,1
DA:19,1
DA:22,0
DA:25,4
LF:9
LH:8
BRDA:9,0,0,4
BRDA:9,0,1,0
BRF:2
BRH:1
end_of_record
TN:
SF:config\upload.js
FN:15,(anonymous_0)
FN:18,(anonymous_1)
FN:28,(anonymous_2)
FNF:3
FNH:0
FNDA:0,(anonymous_0)
FNDA:0,(anonymous_1)
FNDA:0,(anonymous_2)
DA:3,1
DA:4,1
DA:5,1
DA:8,1
DA:9,1
DA:10,0
DA:14,1
DA:16,0
DA:20,0
DA:21,0
DA:22,0
DA:23,0
DA:28,1
DA:29,0
DA:30,0
DA:31,0
DA:33,0
DA:34,0
DA:36,0
DA:41,1
DA:49,1
LF:21
LH:9
BRDA:9,0,0,0
BRDA:9,0,1,1
BRDA:33,1,0,0
BRDA:33,1,1,0
BRDA:33,2,0,0
BRDA:33,2,1,0
BRF:6
BRH:1
end_of_record
TN:
SF:controllers\artworkController.js
FN:4,(anonymous_0)
FN:10,(anonymous_1)
FN:33,(anonymous_2)
FN:64,(anonymous_3)
FN:69,(anonymous_4)
FN:92,(anonymous_5)
FN:106,(anonymous_6)
FN:129,(anonymous_7)
FN:183,(anonymous_8)
FN:245,(anonymous_9)
FN:295,(anonymous_10)
FNF:11
FNH:11
FNDA:4,(anonymous_0)
FNDA:6,(anonymous_1)
FNDA:4,(anonymous_2)
FNDA:1,(anonymous_3)
FNDA:2,(anonymous_4)
FNDA:4,(anonymous_5)
FNDA:2,(anonymous_6)
FNDA:6,(anonymous_7)
FNDA:4,(anonymous_8)
FNDA:5,(anonymous_9)
FNDA:3,(anonymous_10)
DA:1,2
DA:4,2
DA:5,4
DA:6,4
DA:7,4
DA:10,6
DA:17,3
DA:23,1
DA:24,1
DA:33,2
DA:34,4
DA:35,4
DA:37,4
DA:38,2
DA:45,2
DA:46,2
DA:49,2
DA:54,0
DA:55,0
DA:64,2
DA:65,1
DA:66,1
DA:69,2
DA:76,1
DA:82,0
DA:83,0
DA:92,2
DA:93,4
DA:94,4
DA:96,4
DA:97,2
DA:103,2
DA:106,2
DA:113,2
DA:119,0
DA:120,0
DA:129,2
DA:130,6
DA:131,6
DA:132,6
DA:133,6
DA:134,6
DA:137,6
DA:138,2
DA:144,4
DA:147,4
DA:148,2
DA:154,2
DA:165,2
DA:167,2
DA:173,0
DA:174,0
DA:183,2
DA:184,4
DA:185,4
DA:186,4
DA:187,4
DA:188,4
DA:189,4
DA:192,4
DA:193,0
DA:199,4
DA:202,4
DA:203,0
DA:209,4
DA:220,4
DA:221,2
DA:227,2
DA:229,2
DA:235,0
DA:236,0
DA:245,2
DA:246,5
DA:247,5
DA:248,5
DA:249,5
DA:250,5
DA:253,5
DA:254,2
DA:260,3
DA:262,3
DA:263,1
DA:269,2
DA:271,2
DA:277,0
DA:279,0
DA:280,0
DA:286,0
DA:295,2
DA:296,3
DA:297,3
DA:298,3
DA:299,3
DA:300,3
DA:303,3
DA:304,1
DA:311,2
DA:312,1
DA:319,1
DA:321,1
DA:323,1
DA:332,0
DA:333,0
LF:103
LH:85
BRDA:7,0,0,1
BRDA:7,0,1,3
BRDA:12,1,0,4
BRDA:12,1,1,2
BRDA:12,2,0,6
BRDA:12,2,1,4
BRDA:37,3,0,2
BRDA:37,3,1,2
BRDA:45,4,0,2
BRDA:45,4,1,0
BRDA:45,5,0,2
BRDA:45,5,1,2
BRDA:71,6,0,2
BRDA:71,6,1,0
BRDA:71,7,0,2
BRDA:71,7,1,2
BRDA:96,8,0,2
BRDA:96,8,1,2
BRDA:108,9,0,2
BRDA:108,9,1,0
BRDA:108,10,0,2
BRDA:108,10,1,2
BRDA:137,11,0,2
BRDA:137,11,1,4
BRDA:147,12,0,2
BRDA:147,12,1,2
BRDA:147,13,0,4
BRDA:147,13,1,4
BRDA:147,13,2,2
BRDA:147,13,3,2
BRDA:147,13,4,2
BRDA:147,13,5,2
BRDA:161,14,0,2
BRDA:161,14,1,2
BRDA:162,15,0,2
BRDA:162,15,1,0
BRDA:192,16,0,0
BRDA:192,16,1,4
BRDA:202,17,0,0
BRDA:202,17,1,4
BRDA:202,18,0,4
BRDA:202,18,1,4
BRDA:202,18,2,4
BRDA:202,18,3,4
BRDA:202,18,4,4
BRDA:202,18,5,4
BRDA:216,19,0,4
BRDA:216,19,1,2
BRDA:217,20,0,4
BRDA:217,20,1,2
BRDA:220,21,0,2
BRDA:220,21,1,2
BRDA:253,22,0,2
BRDA:253,22,1,3
BRDA:262,23,0,1
BRDA:262,23,1,2
BRDA:279,24,0,0
BRDA:279,24,1,0
BRDA:303,25,0,1
BRDA:303,25,1,2
BRDA:311,26,0,1
BRDA:311,26,1,1
BRF:62
BRH:54
end_of_record
TN:
SF:middleware\auth.js
FN:5,(anonymous_0)
FNF:1
FNH:1
FNDA:12,(anonymous_0)
DA:3,2
DA:5,2
DA:6,12
DA:7,12
DA:8,12
DA:11,12
DA:13,12
DA:16,12
DA:17,1
DA:18,1
DA:24,11
DA:26,11
DA:28,9
DA:29,9
DA:36,9
DA:42,9
DA:44,9
DA:46,2
DA:48,2
DA:49,1
DA:55,1
DA:62,2
LF:22
LH:22
BRDA:13,0,0,11
BRDA:13,0,1,1
BRDA:16,1,0,1
BRDA:16,1,1,11
BRDA:26,2,0,11
BRDA:26,2,1,0
BRDA:48,3,0,1
BRDA:48,3,1,1
BRF:8
BRH:7
end_of_record
TN:
SF:models\Artwork.js
FN:4,(anonymous_0)
FN:21,(anonymous_1)
FN:49,(anonymous_2)
FN:65,(anonymous_3)
FN:100,(anonymous_4)
FN:119,(anonymous_5)
FN:147,(anonymous_6)
FN:183,(anonymous_7)
FNF:8
FNH:7
FNDA:2,(anonymous_0)
FNDA:2,(anonymous_1)
FNDA:0,(anonymous_2)
FNDA:2,(anonymous_3)
FNDA:1,(anonymous_4)
FNDA:2,(anonymous_5)
FNDA:2,(anonymous_6)
FNDA:2,(anonymous_7)
DA:1,3
DA:5,2
DA:6,2
DA:7,2
DA:13,2
DA:14,2
DA:16,0
DA:17,0
DA:22,2
DA:23,2
DA:24,2
DA:32,2
DA:33,1
DA:34,1
DA:37,1
DA:39,1
DA:40,1
DA:42,1
DA:44,0
DA:45,0
DA:50,0
DA:51,0
DA:52,0
DA:57,0
DA:58,0
DA:60,0
DA:61,0
DA:66,2
DA:67,2
DA:68,2
DA:74,2
DA:76,1
DA:77,1
DA:79,0
DA:80,0
DA:82,1
DA:83,1
DA:85,0
DA:86,0
DA:88,0
DA:91,2
DA:92,2
DA:93,2
DA:95,0
DA:96,0
DA:101,1
DA:102,1
DA:103,1
DA:110,1
DA:111,1
DA:113,0
DA:114,0
DA:120,2
DA:121,2
DA:122,2
DA:138,2
DA:139,2
DA:141,0
DA:142,0
DA:148,2
DA:149,2
DA:150,2
DA:169,2
DA:170,1
DA:171,1
DA:174,1
DA:175,1
DA:177,0
DA:178,0
DA:184,2
DA:185,2
DA:189,2
DA:194,2
DA:195,1
DA:196,1
DA:199,1
DA:200,1
DA:202,0
DA:203,0
DA:208,3
LF:80
LH:54
BRDA:32,0,0,1
BRDA:32,0,1,1
BRDA:74,1,0,1
BRDA:74,1,1,0
BRDA:74,1,2,1
BRDA:74,1,3,0
BRDA:74,1,4,0
BRDA:134,2,0,2
BRDA:134,2,1,2
BRDA:135,3,0,2
BRDA:135,3,1,1
BRDA:163,4,0,2
BRDA:163,4,1,1
BRDA:164,5,0,2
BRDA:164,5,1,1
BRDA:169,6,0,1
BRDA:169,6,1,1
BRDA:194,7,0,1
BRDA:194,7,1,1
BRF:19
BRH:16
end_of_record
TN:
SF:models\User.js
FN:5,(anonymous_0)
FN:31,(anonymous_1)
FN:44,(anonymous_2)
FN:57,(anonymous_3)
FNF:4
FNH:0
FNDA:0,(anonymous_0)
FNDA:0,(anonymous_1)
FNDA:0,(anonymous_2)
FNDA:0,(anonymous_3)
DA:1,1
DA:2,1
DA:6,0
DA:7,0
DA:10,0
DA:24,0
DA:26,0
DA:27,0
DA:32,0
DA:33,0
DA:37,0
DA:39,0
DA:40,0
DA:45,0
DA:46,0
DA:50,0
DA:52,0
DA:53,0
DA:58,0
DA:59,0
DA:61,0
DA:62,0
DA:67,1
LF:23
LH:3
BRDA:18,0,0,0
BRDA:18,0,1,0
BRDA:19,1,0,0
BRDA:19,1,1,0
BRF:4
BRH:0
end_of_record
TN:
SF:routes\artworkRoutes.js
FNF:0
FNH:0
DA:1,1
DA:2,1
DA:3,1
DA:4,1
DA:5,1
DA:8,1
DA:9,1
DA:10,1
DA:11,1
DA:14,1
DA:17,1
DA:18,1
DA:19,1
DA:21,1
LF:14
LH:14
BRF:0
BRH:0
end_of_record
